Linking to ImageMagick 6.9.9.39
Enabled features: cairo, fontconfig, freetype, lcms, pango, rsvg, webp
Disabled features: fftw, ghostscript, x11
-- Attaching packages --------------------------------------- tidyverse 1.2.1 --
v ggplot2 3.2.1       v purrr   0.3.2  
v tibble  2.1.3       v dplyr   0.8.0.1
v tidyr   0.8.2       v stringr 1.4.0  
v readr   1.3.1       v forcats 0.4.0  
-- Conflicts ------------------------------------------ tidyverse_conflicts() --
x dplyr::filter() masks stats::filter()
x dplyr::lag()    masks stats::lag()

Attaching package: 'rtweet'

The following object is masked from 'package:purrr':

    flatten

Loading required package: sp

Attaching package: 'raster'

The following object is masked from 'package:dplyr':

    select

The following object is masked from 'package:tidyr':

    extract

rgdal: version: 1.4-3, (SVN revision 828)
 Geospatial Data Abstraction Library extensions to R successfully loaded
 Loaded GDAL runtime: GDAL 2.1.3, released 2017/20/01
 Path to GDAL shared files: /Library/Frameworks/R.framework/Versions/3.5/Resources/library/rgdal/gdal
 GDAL binary built with GEOS: FALSE 
 Loaded PROJ.4 runtime: Rel. 4.9.3, 15 August 2016, [PJ_VERSION: 493]
 Path to PROJ.4 shared files: /Library/Frameworks/R.framework/Versions/3.5/Resources/library/rgdal/proj
 Linking to sp version: 1.3-1 

Attaching package: 'lubridate'

The following object is masked from 'package:base':

    date

Error in file(filename, "r", encoding = encoding) : 
  cannot open the connection
Calls: source -> file
In addition: Warning message:
In file(filename, "r", encoding = encoding) :
  cannot open file 'credentials.R': No such file or directory
Execution halted
Linking to ImageMagick 6.9.9.39
Enabled features: cairo, fontconfig, freetype, lcms, pango, rsvg, webp
Disabled features: fftw, ghostscript, x11
-- Attaching packages --------------------------------------- tidyverse 1.2.1 --
v ggplot2 3.2.1       v purrr   0.3.2  
v tibble  2.1.3       v dplyr   0.8.0.1
v tidyr   0.8.2       v stringr 1.4.0  
v readr   1.3.1       v forcats 0.4.0  
-- Conflicts ------------------------------------------ tidyverse_conflicts() --
x dplyr::filter() masks stats::filter()
x dplyr::lag()    masks stats::lag()

Attaching package: 'rtweet'

The following object is masked from 'package:purrr':

    flatten

Loading required package: sp

Attaching package: 'raster'

The following object is masked from 'package:dplyr':

    select

The following object is masked from 'package:tidyr':

    extract

rgdal: version: 1.4-3, (SVN revision 828)
 Geospatial Data Abstraction Library extensions to R successfully loaded
 Loaded GDAL runtime: GDAL 2.1.3, released 2017/20/01
 Path to GDAL shared files: /Library/Frameworks/R.framework/Versions/3.5/Resources/library/rgdal/gdal
 GDAL binary built with GEOS: FALSE 
 Loaded PROJ.4 runtime: Rel. 4.9.3, 15 August 2016, [PJ_VERSION: 493]
 Path to PROJ.4 shared files: /Library/Frameworks/R.framework/Versions/3.5/Resources/library/rgdal/proj
 Linking to sp version: 1.3-1 

Attaching package: 'lubridate'

The following object is masked from 'package:base':

    date

Searching for tweets...
Finished collecting tweets!
Linking to ImageMagick 6.9.9.39
Enabled features: cairo, fontconfig, freetype, lcms, pango, rsvg, webp
Disabled features: fftw, ghostscript, x11
-- Attaching packages --------------------------------------- tidyverse 1.2.1 --
v ggplot2 3.2.1       v purrr   0.3.2  
v tibble  2.1.3       v dplyr   0.8.0.1
v tidyr   0.8.2       v stringr 1.4.0  
v readr   1.3.1       v forcats 0.4.0  
-- Conflicts ------------------------------------------ tidyverse_conflicts() --
x dplyr::filter() masks stats::filter()
x dplyr::lag()    masks stats::lag()

Attaching package: 'rtweet'

The following object is masked from 'package:purrr':

    flatten

Loading required package: sp

Attaching package: 'raster'

The following object is masked from 'package:dplyr':

    select

The following object is masked from 'package:tidyr':

    extract

rgdal: version: 1.4-3, (SVN revision 828)
 Geospatial Data Abstraction Library extensions to R successfully loaded
 Loaded GDAL runtime: GDAL 2.1.3, released 2017/20/01
 Path to GDAL shared files: /Library/Frameworks/R.framework/Versions/3.5/Resources/library/rgdal/gdal
 GDAL binary built with GEOS: FALSE 
 Loaded PROJ.4 runtime: Rel. 4.9.3, 15 August 2016, [PJ_VERSION: 493]
 Path to PROJ.4 shared files: /Library/Frameworks/R.framework/Versions/3.5/Resources/library/rgdal/proj
 Linking to sp version: 1.3-1 

Attaching package: 'lubridate'

The following object is masked from 'package:base':

    date

Searching for tweets...
Finished collecting tweets!
Linking to ImageMagick 6.9.9.39
Enabled features: cairo, fontconfig, freetype, lcms, pango, rsvg, webp
Disabled features: fftw, ghostscript, x11
-- Attaching packages --------------------------------------- tidyverse 1.2.1 --
v ggplot2 3.2.1       v purrr   0.3.2  
v tibble  2.1.3       v dplyr   0.8.0.1
v tidyr   0.8.2       v stringr 1.4.0  
v readr   1.3.1       v forcats 0.4.0  
-- Conflicts ------------------------------------------ tidyverse_conflicts() --
x dplyr::filter() masks stats::filter()
x dplyr::lag()    masks stats::lag()

Attaching package: 'rtweet'

The following object is masked from 'package:purrr':

    flatten

Loading required package: sp

Attaching package: 'raster'

The following object is masked from 'package:dplyr':

    select

The following object is masked from 'package:tidyr':

    extract

rgdal: version: 1.4-3, (SVN revision 828)
 Geospatial Data Abstraction Library extensions to R successfully loaded
 Loaded GDAL runtime: GDAL 2.1.3, released 2017/20/01
 Path to GDAL shared files: /Library/Frameworks/R.framework/Versions/3.5/Resources/library/rgdal/gdal
 GDAL binary built with GEOS: FALSE 
 Loaded PROJ.4 runtime: Rel. 4.9.3, 15 August 2016, [PJ_VERSION: 493]
 Path to PROJ.4 shared files: /Library/Frameworks/R.framework/Versions/3.5/Resources/library/rgdal/proj
 Linking to sp version: 1.3-1 

Attaching package: 'lubridate'

The following object is masked from 'package:base':

    date

Searching for tweets...
Finished collecting tweets!
Linking to ImageMagick 6.9.9.39
Enabled features: cairo, fontconfig, freetype, lcms, pango, rsvg, webp
Disabled features: fftw, ghostscript, x11
-- Attaching packages --------------------------------------- tidyverse 1.2.1 --
v ggplot2 3.2.1       v purrr   0.3.2  
v tibble  2.1.3       v dplyr   0.8.0.1
v tidyr   0.8.2       v stringr 1.4.0  
v readr   1.3.1       v forcats 0.4.0  
-- Conflicts ------------------------------------------ tidyverse_conflicts() --
x dplyr::filter() masks stats::filter()
x dplyr::lag()    masks stats::lag()

Attaching package: 'rtweet'

The following object is masked from 'package:purrr':

    flatten

Loading required package: sp

Attaching package: 'raster'

The following object is masked from 'package:dplyr':

    select

The following object is masked from 'package:tidyr':

    extract

rgdal: version: 1.4-3, (SVN revision 828)
 Geospatial Data Abstraction Library extensions to R successfully loaded
 Loaded GDAL runtime: GDAL 2.1.3, released 2017/20/01
 Path to GDAL shared files: /Library/Frameworks/R.framework/Versions/3.5/Resources/library/rgdal/gdal
 GDAL binary built with GEOS: FALSE 
 Loaded PROJ.4 runtime: Rel. 4.9.3, 15 August 2016, [PJ_VERSION: 493]
 Path to PROJ.4 shared files: /Library/Frameworks/R.framework/Versions/3.5/Resources/library/rgdal/proj
 Linking to sp version: 1.3-1 

Attaching package: 'lubridate'

The following object is masked from 'package:base':

    date

Searching for tweets...
Finished collecting tweets!
Linking to ImageMagick 6.9.9.39
Enabled features: cairo, fontconfig, freetype, lcms, pango, rsvg, webp
Disabled features: fftw, ghostscript, x11
-- Attaching packages --------------------------------------- tidyverse 1.2.1 --
v ggplot2 3.2.1       v purrr   0.3.2  
v tibble  2.1.3       v dplyr   0.8.0.1
v tidyr   0.8.2       v stringr 1.4.0  
v readr   1.3.1       v forcats 0.4.0  
-- Conflicts ------------------------------------------ tidyverse_conflicts() --
x dplyr::filter() masks stats::filter()
x dplyr::lag()    masks stats::lag()

Attaching package: 'rtweet'

The following object is masked from 'package:purrr':

    flatten

Loading required package: sp

Attaching package: 'raster'

The following object is masked from 'package:dplyr':

    select

The following object is masked from 'package:tidyr':

    extract

rgdal: version: 1.4-3, (SVN revision 828)
 Geospatial Data Abstraction Library extensions to R successfully loaded
 Loaded GDAL runtime: GDAL 2.1.3, released 2017/20/01
 Path to GDAL shared files: /Library/Frameworks/R.framework/Versions/3.5/Resources/library/rgdal/gdal
 GDAL binary built with GEOS: FALSE 
 Loaded PROJ.4 runtime: Rel. 4.9.3, 15 August 2016, [PJ_VERSION: 493]
 Path to PROJ.4 shared files: /Library/Frameworks/R.framework/Versions/3.5/Resources/library/rgdal/proj
 Linking to sp version: 1.3-1 

Attaching package: 'lubridate'

The following object is masked from 'package:base':

    date

Searching for tweets...
Finished collecting tweets!
Linking to ImageMagick 6.9.9.39
Enabled features: cairo, fontconfig, freetype, lcms, pango, rsvg, webp
Disabled features: fftw, ghostscript, x11
-- Attaching packages --------------------------------------- tidyverse 1.2.1 --
v ggplot2 3.2.1       v purrr   0.3.2  
v tibble  2.1.3       v dplyr   0.8.0.1
v tidyr   0.8.2       v stringr 1.4.0  
v readr   1.3.1       v forcats 0.4.0  
-- Conflicts ------------------------------------------ tidyverse_conflicts() --
x dplyr::filter() masks stats::filter()
x dplyr::lag()    masks stats::lag()

Attaching package: 'rtweet'

The following object is masked from 'package:purrr':

    flatten

Loading required package: sp

Attaching package: 'raster'

The following object is masked from 'package:dplyr':

    select

The following object is masked from 'package:tidyr':

    extract

rgdal: version: 1.4-3, (SVN revision 828)
 Geospatial Data Abstraction Library extensions to R successfully loaded
 Loaded GDAL runtime: GDAL 2.1.3, released 2017/20/01
 Path to GDAL shared files: /Library/Frameworks/R.framework/Versions/3.5/Resources/library/rgdal/gdal
 GDAL binary built with GEOS: FALSE 
 Loaded PROJ.4 runtime: Rel. 4.9.3, 15 August 2016, [PJ_VERSION: 493]
 Path to PROJ.4 shared files: /Library/Frameworks/R.framework/Versions/3.5/Resources/library/rgdal/proj
 Linking to sp version: 1.3-1 

Attaching package: 'lubridate'

The following object is masked from 'package:base':

    date

Searching for tweets...
Finished collecting tweets!
Linking to ImageMagick 6.9.9.39
Enabled features: cairo, fontconfig, freetype, lcms, pango, rsvg, webp
Disabled features: fftw, ghostscript, x11
-- Attaching packages --------------------------------------- tidyverse 1.2.1 --
v ggplot2 3.2.1       v purrr   0.3.2  
v tibble  2.1.3       v dplyr   0.8.0.1
v tidyr   0.8.2       v stringr 1.4.0  
v readr   1.3.1       v forcats 0.4.0  
-- Conflicts ------------------------------------------ tidyverse_conflicts() --
x dplyr::filter() masks stats::filter()
x dplyr::lag()    masks stats::lag()

Attaching package: 'rtweet'

The following object is masked from 'package:purrr':

    flatten

Loading required package: sp

Attaching package: 'raster'

The following object is masked from 'package:dplyr':

    select

The following object is masked from 'package:tidyr':

    extract

rgdal: version: 1.4-3, (SVN revision 828)
 Geospatial Data Abstraction Library extensions to R successfully loaded
 Loaded GDAL runtime: GDAL 2.1.3, released 2017/20/01
 Path to GDAL shared files: /Library/Frameworks/R.framework/Versions/3.5/Resources/library/rgdal/gdal
 GDAL binary built with GEOS: FALSE 
 Loaded PROJ.4 runtime: Rel. 4.9.3, 15 August 2016, [PJ_VERSION: 493]
 Path to PROJ.4 shared files: /Library/Frameworks/R.framework/Versions/3.5/Resources/library/rgdal/proj
 Linking to sp version: 1.3-1 

Attaching package: 'lubridate'

The following object is masked from 'package:base':

    date

Searching for tweets...
Finished collecting tweets!
Linking to ImageMagick 6.9.9.39
Enabled features: cairo, fontconfig, freetype, lcms, pango, rsvg, webp
Disabled features: fftw, ghostscript, x11
-- Attaching packages --------------------------------------- tidyverse 1.2.1 --
v ggplot2 3.2.1       v purrr   0.3.2  
v tibble  2.1.3       v dplyr   0.8.0.1
v tidyr   0.8.2       v stringr 1.4.0  
v readr   1.3.1       v forcats 0.4.0  
-- Conflicts ------------------------------------------ tidyverse_conflicts() --
x dplyr::filter() masks stats::filter()
x dplyr::lag()    masks stats::lag()

Attaching package: 'rtweet'

The following object is masked from 'package:purrr':

    flatten

Loading required package: sp

Attaching package: 'raster'

The following object is masked from 'package:dplyr':

    select

The following object is masked from 'package:tidyr':

    extract

rgdal: version: 1.4-3, (SVN revision 828)
 Geospatial Data Abstraction Library extensions to R successfully loaded
 Loaded GDAL runtime: GDAL 2.1.3, released 2017/20/01
 Path to GDAL shared files: /Library/Frameworks/R.framework/Versions/3.5/Resources/library/rgdal/gdal
 GDAL binary built with GEOS: FALSE 
 Loaded PROJ.4 runtime: Rel. 4.9.3, 15 August 2016, [PJ_VERSION: 493]
 Path to PROJ.4 shared files: /Library/Frameworks/R.framework/Versions/3.5/Resources/library/rgdal/proj
 Linking to sp version: 1.3-1 

Attaching package: 'lubridate'

The following object is masked from 'package:base':

    date

Searching for tweets...
Finished collecting tweets!
Linking to ImageMagick 6.9.9.39
Enabled features: cairo, fontconfig, freetype, lcms, pango, rsvg, webp
Disabled features: fftw, ghostscript, x11
-- Attaching packages --------------------------------------- tidyverse 1.2.1 --
v ggplot2 3.2.1       v purrr   0.3.2  
v tibble  2.1.3       v dplyr   0.8.0.1
v tidyr   0.8.2       v stringr 1.4.0  
v readr   1.3.1       v forcats 0.4.0  
-- Conflicts ------------------------------------------ tidyverse_conflicts() --
x dplyr::filter() masks stats::filter()
x dplyr::lag()    masks stats::lag()

Attaching package: 'rtweet'

The following object is masked from 'package:purrr':

    flatten

Loading required package: sp

Attaching package: 'raster'

The following object is masked from 'package:dplyr':

    select

The following object is masked from 'package:tidyr':

    extract

rgdal: version: 1.4-3, (SVN revision 828)
 Geospatial Data Abstraction Library extensions to R successfully loaded
 Loaded GDAL runtime: GDAL 2.1.3, released 2017/20/01
 Path to GDAL shared files: /Library/Frameworks/R.framework/Versions/3.5/Resources/library/rgdal/gdal
 GDAL binary built with GEOS: FALSE 
 Loaded PROJ.4 runtime: Rel. 4.9.3, 15 August 2016, [PJ_VERSION: 493]
 Path to PROJ.4 shared files: /Library/Frameworks/R.framework/Versions/3.5/Resources/library/rgdal/proj
 Linking to sp version: 1.3-1 

Attaching package: 'lubridate'

The following object is masked from 'package:base':

    date

Searching for tweets...
Finished collecting tweets!
Linking to ImageMagick 6.9.9.39
Enabled features: cairo, fontconfig, freetype, lcms, pango, rsvg, webp
Disabled features: fftw, ghostscript, x11
-- Attaching packages --------------------------------------- tidyverse 1.2.1 --
v ggplot2 3.2.1       v purrr   0.3.2  
v tibble  2.1.3       v dplyr   0.8.0.1
v tidyr   0.8.2       v stringr 1.4.0  
v readr   1.3.1       v forcats 0.4.0  
-- Conflicts ------------------------------------------ tidyverse_conflicts() --
x dplyr::filter() masks stats::filter()
x dplyr::lag()    masks stats::lag()

Attaching package: 'rtweet'

The following object is masked from 'package:purrr':

    flatten

Loading required package: sp

Attaching package: 'raster'

The following object is masked from 'package:dplyr':

    select

The following object is masked from 'package:tidyr':

    extract

rgdal: version: 1.4-3, (SVN revision 828)
 Geospatial Data Abstraction Library extensions to R successfully loaded
 Loaded GDAL runtime: GDAL 2.1.3, released 2017/20/01
 Path to GDAL shared files: /Library/Frameworks/R.framework/Versions/3.5/Resources/library/rgdal/gdal
 GDAL binary built with GEOS: FALSE 
 Loaded PROJ.4 runtime: Rel. 4.9.3, 15 August 2016, [PJ_VERSION: 493]
 Path to PROJ.4 shared files: /Library/Frameworks/R.framework/Versions/3.5/Resources/library/rgdal/proj
 Linking to sp version: 1.3-1 

Attaching package: 'lubridate'

The following object is masked from 'package:base':

    date

Searching for tweets...
Finished collecting tweets!
Linking to ImageMagick 6.9.9.39
Enabled features: cairo, fontconfig, freetype, lcms, pango, rsvg, webp
Disabled features: fftw, ghostscript, x11
-- Attaching packages --------------------------------------- tidyverse 1.2.1 --
v ggplot2 3.2.1       v purrr   0.3.2  
v tibble  2.1.3       v dplyr   0.8.0.1
v tidyr   0.8.2       v stringr 1.4.0  
v readr   1.3.1       v forcats 0.4.0  
-- Conflicts ------------------------------------------ tidyverse_conflicts() --
x dplyr::filter() masks stats::filter()
x dplyr::lag()    masks stats::lag()

Attaching package: 'rtweet'

The following object is masked from 'package:purrr':

    flatten

Loading required package: sp

Attaching package: 'raster'

The following object is masked from 'package:dplyr':

    select

The following object is masked from 'package:tidyr':

    extract

rgdal: version: 1.4-3, (SVN revision 828)
 Geospatial Data Abstraction Library extensions to R successfully loaded
 Loaded GDAL runtime: GDAL 2.1.3, released 2017/20/01
 Path to GDAL shared files: /Library/Frameworks/R.framework/Versions/3.5/Resources/library/rgdal/gdal
 GDAL binary built with GEOS: FALSE 
 Loaded PROJ.4 runtime: Rel. 4.9.3, 15 August 2016, [PJ_VERSION: 493]
 Path to PROJ.4 shared files: /Library/Frameworks/R.framework/Versions/3.5/Resources/library/rgdal/proj
 Linking to sp version: 1.3-1 

Attaching package: 'lubridate'

The following object is masked from 'package:base':

    date

Searching for tweets...
Finished collecting tweets!
Linking to ImageMagick 6.9.9.39
Enabled features: cairo, fontconfig, freetype, lcms, pango, rsvg, webp
Disabled features: fftw, ghostscript, x11
-- Attaching packages --------------------------------------- tidyverse 1.2.1 --
v ggplot2 3.2.1       v purrr   0.3.2  
v tibble  2.1.3       v dplyr   0.8.0.1
v tidyr   0.8.2       v stringr 1.4.0  
v readr   1.3.1       v forcats 0.4.0  
-- Conflicts ------------------------------------------ tidyverse_conflicts() --
x dplyr::filter() masks stats::filter()
x dplyr::lag()    masks stats::lag()

Attaching package: 'rtweet'

The following object is masked from 'package:purrr':

    flatten

Loading required package: sp

Attaching package: 'raster'

The following object is masked from 'package:dplyr':

    select

The following object is masked from 'package:tidyr':

    extract

rgdal: version: 1.4-3, (SVN revision 828)
 Geospatial Data Abstraction Library extensions to R successfully loaded
 Loaded GDAL runtime: GDAL 2.1.3, released 2017/20/01
 Path to GDAL shared files: /Library/Frameworks/R.framework/Versions/3.5/Resources/library/rgdal/gdal
 GDAL binary built with GEOS: FALSE 
 Loaded PROJ.4 runtime: Rel. 4.9.3, 15 August 2016, [PJ_VERSION: 493]
 Path to PROJ.4 shared files: /Library/Frameworks/R.framework/Versions/3.5/Resources/library/rgdal/proj
 Linking to sp version: 1.3-1 

Attaching package: 'lubridate'

The following object is masked from 'package:base':

    date

Searching for tweets...
Finished collecting tweets!
Error in magick_image_annotate(image, text, gravity, location, degrees,  : 
  Magick: iCCP: extra compressed data `/tmp/RtmpEyZFTN/file11dd757491051.png' @ warning/png.c/MagickPNGWarningHandler/1665
Calls: %>% ... <Anonymous> -> image_annotate -> magick_image_annotate
Execution halted
Linking to ImageMagick 6.9.9.39
Enabled features: cairo, fontconfig, freetype, lcms, pango, rsvg, webp
Disabled features: fftw, ghostscript, x11
-- Attaching packages --------------------------------------- tidyverse 1.2.1 --
v ggplot2 3.2.1       v purrr   0.3.2  
v tibble  2.1.3       v dplyr   0.8.0.1
v tidyr   0.8.2       v stringr 1.4.0  
v readr   1.3.1       v forcats 0.4.0  
-- Conflicts ------------------------------------------ tidyverse_conflicts() --
x dplyr::filter() masks stats::filter()
x dplyr::lag()    masks stats::lag()

Attaching package: 'rtweet'

The following object is masked from 'package:purrr':

    flatten

Loading required package: sp

Attaching package: 'raster'

The following object is masked from 'package:dplyr':

    select

The following object is masked from 'package:tidyr':

    extract

rgdal: version: 1.4-3, (SVN revision 828)
 Geospatial Data Abstraction Library extensions to R successfully loaded
 Loaded GDAL runtime: GDAL 2.1.3, released 2017/20/01
 Path to GDAL shared files: /Library/Frameworks/R.framework/Versions/3.5/Resources/library/rgdal/gdal
 GDAL binary built with GEOS: FALSE 
 Loaded PROJ.4 runtime: Rel. 4.9.3, 15 August 2016, [PJ_VERSION: 493]
 Path to PROJ.4 shared files: /Library/Frameworks/R.framework/Versions/3.5/Resources/library/rgdal/proj
 Linking to sp version: 1.3-1 

Attaching package: 'lubridate'

The following object is masked from 'package:base':

    date

Searching for tweets...
Finished collecting tweets!
Linking to ImageMagick 6.9.9.39
Enabled features: cairo, fontconfig, freetype, lcms, pango, rsvg, webp
Disabled features: fftw, ghostscript, x11
-- Attaching packages --------------------------------------- tidyverse 1.2.1 --
v ggplot2 3.2.1       v purrr   0.3.2  
v tibble  2.1.3       v dplyr   0.8.0.1
v tidyr   0.8.2       v stringr 1.4.0  
v readr   1.3.1       v forcats 0.4.0  
-- Conflicts ------------------------------------------ tidyverse_conflicts() --
x dplyr::filter() masks stats::filter()
x dplyr::lag()    masks stats::lag()

Attaching package: 'rtweet'

The following object is masked from 'package:purrr':

    flatten

Loading required package: sp

Attaching package: 'raster'

The following object is masked from 'package:dplyr':

    select

The following object is masked from 'package:tidyr':

    extract

rgdal: version: 1.4-3, (SVN revision 828)
 Geospatial Data Abstraction Library extensions to R successfully loaded
 Loaded GDAL runtime: GDAL 2.1.3, released 2017/20/01
 Path to GDAL shared files: /Library/Frameworks/R.framework/Versions/3.5/Resources/library/rgdal/gdal
 GDAL binary built with GEOS: FALSE 
 Loaded PROJ.4 runtime: Rel. 4.9.3, 15 August 2016, [PJ_VERSION: 493]
 Path to PROJ.4 shared files: /Library/Frameworks/R.framework/Versions/3.5/Resources/library/rgdal/proj
 Linking to sp version: 1.3-1 

Attaching package: 'lubridate'

The following object is masked from 'package:base':

    date

Searching for tweets...
Finished collecting tweets!
Linking to ImageMagick 6.9.9.39
Enabled features: cairo, fontconfig, freetype, lcms, pango, rsvg, webp
Disabled features: fftw, ghostscript, x11
-- Attaching packages --------------------------------------- tidyverse 1.2.1 --
v ggplot2 3.2.1       v purrr   0.3.2  
v tibble  2.1.3       v dplyr   0.8.0.1
v tidyr   0.8.2       v stringr 1.4.0  
v readr   1.3.1       v forcats 0.4.0  
-- Conflicts ------------------------------------------ tidyverse_conflicts() --
x dplyr::filter() masks stats::filter()
x dplyr::lag()    masks stats::lag()

Attaching package: 'rtweet'

The following object is masked from 'package:purrr':

    flatten

Loading required package: sp

Attaching package: 'raster'

The following object is masked from 'package:dplyr':

    select

The following object is masked from 'package:tidyr':

    extract

rgdal: version: 1.4-3, (SVN revision 828)
 Geospatial Data Abstraction Library extensions to R successfully loaded
 Loaded GDAL runtime: GDAL 2.1.3, released 2017/20/01
 Path to GDAL shared files: /Library/Frameworks/R.framework/Versions/3.5/Resources/library/rgdal/gdal
 GDAL binary built with GEOS: FALSE 
 Loaded PROJ.4 runtime: Rel. 4.9.3, 15 August 2016, [PJ_VERSION: 493]
 Path to PROJ.4 shared files: /Library/Frameworks/R.framework/Versions/3.5/Resources/library/rgdal/proj
 Linking to sp version: 1.3-1 

Attaching package: 'lubridate'

The following object is masked from 'package:base':

    date

Searching for tweets...
Finished collecting tweets!
Linking to ImageMagick 6.9.9.39
Enabled features: cairo, fontconfig, freetype, lcms, pango, rsvg, webp
Disabled features: fftw, ghostscript, x11
-- Attaching packages --------------------------------------- tidyverse 1.2.1 --
v ggplot2 3.2.1       v purrr   0.3.2  
v tibble  2.1.3       v dplyr   0.8.0.1
v tidyr   0.8.2       v stringr 1.4.0  
v readr   1.3.1       v forcats 0.4.0  
-- Conflicts ------------------------------------------ tidyverse_conflicts() --
x dplyr::filter() masks stats::filter()
x dplyr::lag()    masks stats::lag()

Attaching package: 'rtweet'

The following object is masked from 'package:purrr':

    flatten

Loading required package: sp

Attaching package: 'raster'

The following object is masked from 'package:dplyr':

    select

The following object is masked from 'package:tidyr':

    extract

rgdal: version: 1.4-3, (SVN revision 828)
 Geospatial Data Abstraction Library extensions to R successfully loaded
 Loaded GDAL runtime: GDAL 2.1.3, released 2017/20/01
 Path to GDAL shared files: /Library/Frameworks/R.framework/Versions/3.5/Resources/library/rgdal/gdal
 GDAL binary built with GEOS: FALSE 
 Loaded PROJ.4 runtime: Rel. 4.9.3, 15 August 2016, [PJ_VERSION: 493]
 Path to PROJ.4 shared files: /Library/Frameworks/R.framework/Versions/3.5/Resources/library/rgdal/proj
 Linking to sp version: 1.3-1 

Attaching package: 'lubridate'

The following object is masked from 'package:base':

    date

Searching for tweets...
Finished collecting tweets!
Linking to ImageMagick 6.9.9.39
Enabled features: cairo, fontconfig, freetype, lcms, pango, rsvg, webp
Disabled features: fftw, ghostscript, x11
-- Attaching packages --------------------------------------- tidyverse 1.2.1 --
v ggplot2 3.2.1       v purrr   0.3.2  
v tibble  2.1.3       v dplyr   0.8.0.1
v tidyr   0.8.2       v stringr 1.4.0  
v readr   1.3.1       v forcats 0.4.0  
-- Conflicts ------------------------------------------ tidyverse_conflicts() --
x dplyr::filter() masks stats::filter()
x dplyr::lag()    masks stats::lag()

Attaching package: 'rtweet'

The following object is masked from 'package:purrr':

    flatten

Loading required package: sp

Attaching package: 'raster'

The following object is masked from 'package:dplyr':

    select

The following object is masked from 'package:tidyr':

    extract

rgdal: version: 1.4-3, (SVN revision 828)
 Geospatial Data Abstraction Library extensions to R successfully loaded
 Loaded GDAL runtime: GDAL 2.1.3, released 2017/20/01
 Path to GDAL shared files: /Library/Frameworks/R.framework/Versions/3.5/Resources/library/rgdal/gdal
 GDAL binary built with GEOS: FALSE 
 Loaded PROJ.4 runtime: Rel. 4.9.3, 15 August 2016, [PJ_VERSION: 493]
 Path to PROJ.4 shared files: /Library/Frameworks/R.framework/Versions/3.5/Resources/library/rgdal/proj
 Linking to sp version: 1.3-1 

Attaching package: 'lubridate'

The following object is masked from 'package:base':

    date

Searching for tweets...
Finished collecting tweets!
Error in magick_image_annotate(image, text, gravity, location, degrees,  : 
  Magick: iCCP: extra compressed data `/tmp/RtmpNMIuT2/file27d09f31fdb.png' @ warning/png.c/MagickPNGWarningHandler/1665
Calls: %>% ... <Anonymous> -> image_annotate -> magick_image_annotate
Execution halted
Linking to ImageMagick 6.9.9.39
Enabled features: cairo, fontconfig, freetype, lcms, pango, rsvg, webp
Disabled features: fftw, ghostscript, x11
-- Attaching packages --------------------------------------- tidyverse 1.2.1 --
v ggplot2 3.2.1       v purrr   0.3.2  
v tibble  2.1.3       v dplyr   0.8.0.1
v tidyr   0.8.2       v stringr 1.4.0  
v readr   1.3.1       v forcats 0.4.0  
-- Conflicts ------------------------------------------ tidyverse_conflicts() --
x dplyr::filter() masks stats::filter()
x dplyr::lag()    masks stats::lag()

Attaching package: 'rtweet'

The following object is masked from 'package:purrr':

    flatten

Loading required package: sp

Attaching package: 'raster'

The following object is masked from 'package:dplyr':

    select

The following object is masked from 'package:tidyr':

    extract

rgdal: version: 1.4-3, (SVN revision 828)
 Geospatial Data Abstraction Library extensions to R successfully loaded
 Loaded GDAL runtime: GDAL 2.1.3, released 2017/20/01
 Path to GDAL shared files: /Library/Frameworks/R.framework/Versions/3.5/Resources/library/rgdal/gdal
 GDAL binary built with GEOS: FALSE 
 Loaded PROJ.4 runtime: Rel. 4.9.3, 15 August 2016, [PJ_VERSION: 493]
 Path to PROJ.4 shared files: /Library/Frameworks/R.framework/Versions/3.5/Resources/library/rgdal/proj
 Linking to sp version: 1.3-1 

Attaching package: 'lubridate'

The following object is masked from 'package:base':

    date

Searching for tweets...
Finished collecting tweets!
Linking to ImageMagick 6.9.9.39
Enabled features: cairo, fontconfig, freetype, lcms, pango, rsvg, webp
Disabled features: fftw, ghostscript, x11
-- Attaching packages --------------------------------------- tidyverse 1.2.1 --
v ggplot2 3.2.1       v purrr   0.3.2  
v tibble  2.1.3       v dplyr   0.8.0.1
v tidyr   0.8.2       v stringr 1.4.0  
v readr   1.3.1       v forcats 0.4.0  
-- Conflicts ------------------------------------------ tidyverse_conflicts() --
x dplyr::filter() masks stats::filter()
x dplyr::lag()    masks stats::lag()

Attaching package: 'rtweet'

The following object is masked from 'package:purrr':

    flatten

Loading required package: sp

Attaching package: 'raster'

The following object is masked from 'package:dplyr':

    select

The following object is masked from 'package:tidyr':

    extract

rgdal: version: 1.4-3, (SVN revision 828)
 Geospatial Data Abstraction Library extensions to R successfully loaded
 Loaded GDAL runtime: GDAL 2.1.3, released 2017/20/01
 Path to GDAL shared files: /Library/Frameworks/R.framework/Versions/3.5/Resources/library/rgdal/gdal
 GDAL binary built with GEOS: FALSE 
 Loaded PROJ.4 runtime: Rel. 4.9.3, 15 August 2016, [PJ_VERSION: 493]
 Path to PROJ.4 shared files: /Library/Frameworks/R.framework/Versions/3.5/Resources/library/rgdal/proj
 Linking to sp version: 1.3-1 

Attaching package: 'lubridate'

The following object is masked from 'package:base':

    date

Searching for tweets...
Finished collecting tweets!
Linking to ImageMagick 6.9.9.39
Enabled features: cairo, fontconfig, freetype, lcms, pango, rsvg, webp
Disabled features: fftw, ghostscript, x11
-- Attaching packages --------------------------------------- tidyverse 1.2.1 --
v ggplot2 3.2.1       v purrr   0.3.2  
v tibble  2.1.3       v dplyr   0.8.0.1
v tidyr   0.8.2       v stringr 1.4.0  
v readr   1.3.1       v forcats 0.4.0  
-- Conflicts ------------------------------------------ tidyverse_conflicts() --
x dplyr::filter() masks stats::filter()
x dplyr::lag()    masks stats::lag()

Attaching package: 'rtweet'

The following object is masked from 'package:purrr':

    flatten

Loading required package: sp

Attaching package: 'raster'

The following object is masked from 'package:dplyr':

    select

The following object is masked from 'package:tidyr':

    extract

rgdal: version: 1.4-3, (SVN revision 828)
 Geospatial Data Abstraction Library extensions to R successfully loaded
 Loaded GDAL runtime: GDAL 2.1.3, released 2017/20/01
 Path to GDAL shared files: /Library/Frameworks/R.framework/Versions/3.5/Resources/library/rgdal/gdal
 GDAL binary built with GEOS: FALSE 
 Loaded PROJ.4 runtime: Rel. 4.9.3, 15 August 2016, [PJ_VERSION: 493]
 Path to PROJ.4 shared files: /Library/Frameworks/R.framework/Versions/3.5/Resources/library/rgdal/proj
 Linking to sp version: 1.3-1 

Attaching package: 'lubridate'

The following object is masked from 'package:base':

    date

Searching for tweets...
Finished collecting tweets!
Linking to ImageMagick 6.9.9.39
Enabled features: cairo, fontconfig, freetype, lcms, pango, rsvg, webp
Disabled features: fftw, ghostscript, x11
-- Attaching packages --------------------------------------- tidyverse 1.2.1 --
v ggplot2 3.2.1       v purrr   0.3.2  
v tibble  2.1.3       v dplyr   0.8.0.1
v tidyr   0.8.2       v stringr 1.4.0  
v readr   1.3.1       v forcats 0.4.0  
-- Conflicts ------------------------------------------ tidyverse_conflicts() --
x dplyr::filter() masks stats::filter()
x dplyr::lag()    masks stats::lag()

Attaching package: 'rtweet'

The following object is masked from 'package:purrr':

    flatten

Loading required package: sp

Attaching package: 'raster'

The following object is masked from 'package:dplyr':

    select

The following object is masked from 'package:tidyr':

    extract

rgdal: version: 1.4-3, (SVN revision 828)
 Geospatial Data Abstraction Library extensions to R successfully loaded
 Loaded GDAL runtime: GDAL 2.1.3, released 2017/20/01
 Path to GDAL shared files: /Library/Frameworks/R.framework/Versions/3.5/Resources/library/rgdal/gdal
 GDAL binary built with GEOS: FALSE 
 Loaded PROJ.4 runtime: Rel. 4.9.3, 15 August 2016, [PJ_VERSION: 493]
 Path to PROJ.4 shared files: /Library/Frameworks/R.framework/Versions/3.5/Resources/library/rgdal/proj
 Linking to sp version: 1.3-1 

Attaching package: 'lubridate'

The following object is masked from 'package:base':

    date

Searching for tweets...
Finished collecting tweets!
